<?xml version="1.0" encoding="UTF-8"?>
<testng-results ignored="0" total="1" passed="1" failed="0" skipped="0">
  <reporter-output>
  </reporter-output>
  <suite started-at="2023-07-16T06:55:08Z" name="Default suite" finished-at="2023-07-16T06:55:13Z" duration-ms="4824">
    <groups>
    </groups>
    <test started-at="2023-07-16T06:55:08Z" name="Default test" finished-at="2023-07-16T06:55:13Z" duration-ms="4824">
      <class name="phase3PCK.EndToEndTest">
        <test-method signature="test1()[pri:0, instance:phase3PCK.EndToEndTest@74e28667]" started-at="2023-07-16T06:55:08Z" name="test1" finished-at="2023-07-16T06:55:13Z" duration-ms="4765" status="PASS">
          <reporter-output>
          </reporter-output>
        </test-method> <!-- test1 -->
      </class> <!-- phase3PCK.EndToEndTest -->
    </test> <!-- Default test -->
  </suite> <!-- Default suite -->
</testng-results>
